<?xml version="1.0" encoding="UTF-8"?>
<testng-results ignored="0" total="1" passed="1" failed="0" skipped="0">
  <reporter-output>
  </reporter-output>
  <suite started-at="2021-07-02T17:16:19 PDT" name="Surefire suite" finished-at="2021-07-02T17:16:50 PDT" duration-ms="31276">
    <groups>
      <group name="cucumber">
        <method signature="AbstractTestNGCucumberTests.feature(cucumber.api.testng.CucumberFeatureWrapper)[pri:0, instance:TestRunnerFive.TestRunnerFiveDemo@4802796d]" name="feature" class="cucumber.api.testng.AbstractTestNGCucumberTests"/>
      </group> <!-- cucumber -->
    </groups>
    <test started-at="2021-07-02T17:16:19 PDT" name="Surefire test" finished-at="2021-07-02T17:16:50 PDT" duration-ms="31276">
      <class name="TestRunnerFive.TestRunnerFiveDemo">
        <test-method is-config="true" signature="setUpClass()[pri:0, instance:TestRunnerFive.TestRunnerFiveDemo@4802796d]" started-at="2021-07-02T17:16:19 PDT" name="setUpClass" finished-at="2021-07-02T17:16:20 PDT" duration-ms="374" status="PASS">
          <reporter-output>
          </reporter-output>
        </test-method> <!-- setUpClass -->
        <test-method signature="feature(cucumber.api.testng.CucumberFeatureWrapper)[pri:0, instance:TestRunnerFive.TestRunnerFiveDemo@4802796d]" started-at="2021-07-02T17:16:20 PDT" name="feature" description="Runs Cucumber Feature" data-provider="features" finished-at="2021-07-02T17:16:50 PDT" duration-ms="30726" status="PASS">
          <params>
            <param index="0">
              <value>
                <![CDATA[Sign-In]]>
              </value>
            </param>
          </params>
          <reporter-output>
          </reporter-output>
        </test-method> <!-- feature -->
        <test-method is-config="true" signature="tearDownClass()[pri:0, instance:TestRunnerFive.TestRunnerFiveDemo@4802796d]" started-at="2021-07-02T17:16:50 PDT" name="tearDownClass" finished-at="2021-07-02T17:16:50 PDT" duration-ms="14" status="PASS">
          <reporter-output>
          </reporter-output>
        </test-method> <!-- tearDownClass -->
      </class> <!-- TestRunnerFive.TestRunnerFiveDemo -->
    </test> <!-- Surefire test -->
  </suite> <!-- Surefire suite -->
</testng-results>
